1620259222572	geckodriver	INFO	Listening on 127.0.0.1:49284
1620259225512	mozrunner::runner	INFO	Running command: "C:\\Program Files\\Mozilla Firefox\\firefox.exe" "--marionette" "-headless" "-foreground" "-no-remote" "-profile" "C:\\Users\\Jonathan\\AppData\\Local\\Temp\\rust_mozprofileUsaKkn"
*** You are running in headless mode.
1620259227157	Marionette	INFO	Marionette enabled
console.warn: SearchSettings: "get: No settings file exists, new profile?" (new Error("", "(unknown module)"))
1620259233609	Marionette	INFO	Listening on port 49293
1620259233921	Marionette	WARN	TLS certificate errors will be ignored for this session
JavaScript warning: http://www.ans.gov.br/templates/templateans/js/jui/jquery.min.js?27970c20f9219ed2651b487251e680f7, line 2: Using //@ to indicate sourceMappingURL pragmas is deprecated. Use //# instead
1620259240690	Marionette	WARN	TimedPromise timed out after 500 ms: stacktrace:
TimedPromise/<@chrome://marionette/content/sync.js:237:19
TimedPromise@chrome://marionette/content/sync.js:222:10
interaction.flushEventLoop@chrome://marionette/content/interaction.js:431:10
webdriverClickElement@chrome://marionette/content/interaction.js:179:31
JavaScript warning: http://www.ans.gov.br/templates/templateans/js/jui/jquery.min.js?27970c20f9219ed2651b487251e680f7, line 2: Using //@ to indicate sourceMappingURL pragmas is deprecated. Use //# instead
Exiting due to channel error.
Listening on 127.0.0.1:49384
1620259253766	mozrunner::runner	INFO	Running command: "C:\\Program Files\\Mozilla Firefox\\firefox.exe" "--marionette" "-foreground" "-no-remote" "-profile" "C:\\Users\\Jonathan\\AppData\\Local\\Temp\\rust_mozprofileoKncnE"
1620259254843	Marionette	INFO	Marionette enabled
console.warn: SearchSettings: "get: No settings file exists, new profile?" (new Error("", "(unknown module)"))
1620259259016	Marionette	INFO	Listening on port 49394
1620259259117	Marionette	WARN	TLS certificate errors will be ignored for this session
JavaScript warning: http://www.ans.gov.br/templates/templateans/js/jui/jquery.min.js?27970c20f9219ed2651b487251e680f7, line 2: Using //@ to indicate sourceMappingURL pragmas is deprecated. Use //# instead
JavaScript warning: https://vlibras.gov.br/app2/vlibras-plugin.js, line 81: unreachable code after return statement
JavaScript warning: http://www.ans.gov.br/templates/templateans/js/jui/jquery.min.js?27970c20f9219ed2651b487251e680f7, line 2: Using //@ to indicate sourceMappingURL pragmas is deprecated. Use //# instead
JavaScript warning: https://vlibras.gov.br/app2/vlibras-plugin.js, line 81: unreachable code after return statement
1620259320069	Marionette	INFO	Stopped listening on port 49394

###!!! [Child][RunMessage] Error: Channel closing: too late to send/recv, messages will be lost

1620259345452	geckodriver	INFO	Listening on 127.0.0.1:49520
1620259348380	mozrunner::runner	INFO	Running command: "C:\\Program Files\\Mozilla Firefox\\firefox.exe" "--marionette" "-foreground" "-no-remote" "-profile" "C:\\Users\\Jonathan\\AppData\\Local\\Temp\\rust_mozprofiletk4u9q"
1620259349737	Marionette	INFO	Marionette enabled
console.warn: SearchSettings: "get: No settings file exists, new profile?" (new Error("", "(unknown module)"))
1620259353994	Marionette	INFO	Listening on port 49530
1620259354293	Marionette	WARN	TLS certificate errors will be ignored for this session
JavaScript warning: http://www.ans.gov.br/templates/templateans/js/jui/jquery.min.js?27970c20f9219ed2651b487251e680f7, line 2: Using //@ to indicate sourceMappingURL pragmas is deprecated. Use //# instead
JavaScript warning: https://vlibras.gov.br/app2/vlibras-plugin.js, line 81: unreachable code after return statement
JavaScript warning: http://www.ans.gov.br/templates/templateans/js/jui/jquery.min.js?27970c20f9219ed2651b487251e680f7, line 2: Using //@ to indicate sourceMappingURL pragmas is deprecated. Use //# instead
JavaScript warning: https://vlibras.gov.br/app2/vlibras-plugin.js, line 81: unreachable code after return statement
JavaScript warning: http://www.ans.gov.br/templates/templateans/js/jui/jquery.min.js?27970c20f9219ed2651b487251e680f7, line 2: Using //@ to indicate sourceMappingURL pragmas is deprecated. Use //# instead
JavaScript warning: https://vlibras.gov.br/app2/vlibras-plugin.js, line 81: unreachable code after return statement
console.error: "Error while calling actor 'layout's method 'getGrids'" "node is null"
console.error: (new TypeError("node is null", "resource://devtools/server/actors/layout.js", 502))
IPDL protocol error: Handler returned error code!

###!!! [Parent][DispatchAsyncMessage] Error: PLayerTransaction::Msg_ReleaseLayer Processing error: message was deserialized, but the handler returned false (indicating failure)

IPDL protocol error: Handler returned error code!

###!!! [Parent][DispatchAsyncMessage] Error: PLayerTransaction::Msg_ReleaseLayer Processing error: message was deserialized, but the handler returned false (indicating failure)

IPDL protocol error: Handler returned error code!

###!!! [Parent][DispatchAsyncMessage] Error: PLayerTransaction::Msg_ReleaseLayer Processing error: message was deserialized, but the handler returned false (indicating failure)

IPDL protocol error: Handler returned error code!

###!!! [Parent][DispatchAsyncMessage] Error: PLayerTransaction::Msg_ReleaseLayer Processing error: message was deserialized, but the handler returned false (indicating failure)

IPDL protocol error: Handler returned error code!

###!!! [Parent][DispatchAsyncMessage] Error: PLayerTransaction::Msg_ReleaseLayer Processing error: message was deserialized, but the handler returned false (indicating failure)

IPDL protocol error: Handler returned error code!

###!!! [Parent][DispatchAsyncMessage] Error: PLayerTransaction::Msg_ReleaseLayer Processing error: message was deserialized, but the handler returned false (indicating failure)

IPDL protocol error: Handler returned error code!

###!!! [Parent][DispatchAsyncMessage] Error: PLayerTransaction::Msg_ReleaseLayer Processing error: message was deserialized, but the handler returned false (indicating failure)

IPDL protocol error: Handler returned error code!

###!!! [Parent][DispatchAsyncMessage] Error: PLayerTransaction::Msg_ReleaseLayer Processing error: message was deserialized, but the handler returned false (indicating failure)

IPDL protocol error: Handler returned error code!

###!!! [Parent][DispatchAsyncMessage] Error: PLayerTransaction::Msg_ReleaseLayer Processing error: message was deserialized, but the handler returned false (indicating failure)

IPDL protocol error: Handler returned error code!

###!!! [Parent][DispatchAsyncMessage] Error: PLayerTransaction::Msg_ReleaseLayer Processing error: message was deserialized, but the handler returned false (indicating failure)

IPDL protocol error: Handler returned error code!

###!!! [Parent][DispatchAsyncMessage] Error: PLayerTransaction::Msg_ReleaseLayer Processing error: message was deserialized, but the handler returned false (indicating failure)

IPDL protocol error: Handler returned error code!

###!!! [Parent][DispatchAsyncMessage] Error: PLayerTransaction::Msg_ReleaseLayer Processing error: message was deserialized, but the handler returned false (indicating failure)

1620259676557	Marionette	INFO	Stopped listening on port 49530
1620259680420	geckodriver	INFO	Listening on 127.0.0.1:49765
1620259683389	mozrunner::runner	INFO	Running command: "C:\\Program Files\\Mozilla Firefox\\firefox.exe" "--marionette" "-foreground" "-no-remote" "-profile" "C:\\Users\\Jonathan\\AppData\\Local\\Temp\\rust_mozprofileqaDakz"
1620259684783	Marionette	INFO	Marionette enabled
console.warn: SearchSettings: "get: No settings file exists, new profile?" (new Error("", "(unknown module)"))
1620259688929	Marionette	INFO	Listening on port 49773
1620259689262	Marionette	WARN	TLS certificate errors will be ignored for this session
JavaScript warning: http://www.ans.gov.br/templates/templateans/js/jui/jquery.min.js?27970c20f9219ed2651b487251e680f7, line 2: Using //@ to indicate sourceMappingURL pragmas is deprecated. Use //# instead
JavaScript warning: http://www.ans.gov.br/templates/templateans/js/jui/jquery.min.js?27970c20f9219ed2651b487251e680f7, line 2: Using //@ to indicate sourceMappingURL pragmas is deprecated. Use //# instead
1620259794523	Marionette	INFO	Stopped listening on port 49773

###!!! [Child][RunMessage] Error: Channel closing: too late to send/recv, messages will be lost

1620259804946	geckodriver	INFO	Listening on 127.0.0.1:49891
1620259807826	mozrunner::runner	INFO	Running command: "C:\\Program Files\\Mozilla Firefox\\firefox.exe" "--marionette" "-foreground" "-no-remote" "-profile" "C:\\Users\\Jonathan\\AppData\\Local\\Temp\\rust_mozprofileLYTyZT"
1620259808812	Marionette	INFO	Marionette enabled
console.warn: SearchSettings: "get: No settings file exists, new profile?" (new Error("", "(unknown module)"))
1620259812558	Marionette	INFO	Listening on port 49900
1620259812658	Marionette	WARN	TLS certificate errors will be ignored for this session
JavaScript warning: http://www.ans.gov.br/templates/templateans/js/jui/jquery.min.js?27970c20f9219ed2651b487251e680f7, line 2: Using //@ to indicate sourceMappingURL pragmas is deprecated. Use //# instead
JavaScript warning: https://vlibras.gov.br/app2/vlibras-plugin.js, line 81: unreachable code after return statement
JavaScript warning: http://www.ans.gov.br/templates/templateans/js/jui/jquery.min.js?27970c20f9219ed2651b487251e680f7, line 2: Using //@ to indicate sourceMappingURL pragmas is deprecated. Use //# instead
JavaScript warning: https://vlibras.gov.br/app2/vlibras-plugin.js, line 81: unreachable code after return statement
IPDL protocol error: Handler returned error code!

###!!! [Parent][DispatchAsyncMessage] Error: PLayerTransaction::Msg_ReleaseLayer Processing error: message was deserialized, but the handler returned false (indicating failure)

IPDL protocol error: Handler returned error code!

###!!! [Parent][DispatchAsyncMessage] Error: PLayerTransaction::Msg_ReleaseLayer Processing error: message was deserialized, but the handler returned false (indicating failure)

IPDL protocol error: Handler returned error code!

###!!! [Parent][DispatchAsyncMessage] Error: PLayerTransaction::Msg_ReleaseLayer Processing error: message was deserialized, but the handler returned false (indicating failure)

IPDL protocol error: Handler returned error code!

###!!! [Parent][DispatchAsyncMessage] Error: PLayerTransaction::Msg_ReleaseLayer Processing error: message was deserialized, but the handler returned false (indicating failure)

IPDL protocol error: Handler returned error code!

###!!! [Parent][DispatchAsyncMessage] Error: PLayerTransaction::Msg_ReleaseLayer Processing error: message was deserialized, but the handler returned false (indicating failure)

IPDL protocol error: Handler returned error code!

###!!! [Parent][DispatchAsyncMessage] Error: PLayerTransaction::Msg_ReleaseLayer Processing error: message was deserialized, but the handler returned false (indicating failure)

IPDL protocol error: Handler returned error code!

###!!! [Parent][DispatchAsyncMessage] Error: PLayerTransaction::Msg_ReleaseLayer Processing error: message was deserialized, but the handler returned false (indicating failure)

IPDL protocol error: Handler returned error code!

###!!! [Parent][DispatchAsyncMessage] Error: PLayerTransaction::Msg_ReleaseLayer Processing error: message was deserialized, but the handler returned false (indicating failure)

IPDL protocol error: Handler returned error code!

###!!! [Parent][DispatchAsyncMessage] Error: PLayerTransaction::Msg_ReleaseLayer Processing error: message was deserialized, but the handler returned false (indicating failure)

1620259975378	Marionette	INFO	Stopped listening on port 49900

###!!! [Child][RunMessage] Error: Channel closing: too late to send/recv, messages will be lost

1620260081775	geckodriver	INFO	Listening on 127.0.0.1:50166
1620260084695	mozrunner::runner	INFO	Running command: "C:\\Program Files\\Mozilla Firefox\\firefox.exe" "--marionette" "-foreground" "-no-remote" "-profile" "C:\\Users\\Jonathan\\AppData\\Local\\Temp\\rust_mozprofileeV2luT"
1620260085869	Marionette	INFO	Marionette enabled
console.warn: SearchSettings: "get: No settings file exists, new profile?" (new Error("", "(unknown module)"))
1620260089982	Marionette	INFO	Listening on port 50175
1620260090191	Marionette	WARN	TLS certificate errors will be ignored for this session
JavaScript warning: http://www.ans.gov.br/templates/templateans/js/jui/jquery.min.js?27970c20f9219ed2651b487251e680f7, line 2: Using //@ to indicate sourceMappingURL pragmas is deprecated. Use //# instead
JavaScript warning: https://vlibras.gov.br/app2/vlibras-plugin.js, line 81: unreachable code after return statement
JavaScript warning: http://www.ans.gov.br/templates/templateans/js/jui/jquery.min.js?27970c20f9219ed2651b487251e680f7, line 2: Using //@ to indicate sourceMappingURL pragmas is deprecated. Use //# instead
JavaScript warning: https://vlibras.gov.br/app2/vlibras-plugin.js, line 81: unreachable code after return statement
1620260263804	Marionette	INFO	Stopped listening on port 50175
[Parent 6804, IPC I/O Parent] WARNING: pipe error: 232: file /builds/worker/checkouts/gecko/ipc/chromium/src/chrome/common/ipc_channel_win.cc:544

###!!! [Child][RunMessage] Error: Channel closing: too late to send/recv, messages will be lost


###!!! [Child][Messagconsole.warn: SearchSettings: "get: No settings file exists, new profile?" (new Error("", "(unknown module)"))
1620260267322	Marionette	INFO	Listening on port 50318
1620260267890	Marionette	WARN	TLS certificate errors will be ignored for this session
JavaScript warning: http://www.ans.gov.br/templates/templateans/js/jui/jquery.min.js?27970c20f9219ed2651b487251e680f7, line 2: Using //@ to indicate sourceMappingURL pragmas is deprecated. Use //# instead
JavaScript warning: https://vlibras.gov.br/app2/vlibras-plugin.js, line 81: unreachable code after return statement
JavaScript warning: http://www.ans.gov.br/templates/templateans/js/jui/jquery.min.js?27970c20f9219ed2651b487251e680f7, line 2: Using //@ to indicate sourceMappingURL pragmas is deprecated. Use //# instead
JavaScript warning: https://vlibras.gov.br/app2/vlibras-plugin.js, line 81: unreachable code after return statement
JavaScript warning: http://www.ans.gov.br/templates/templateans/js/jui/jquery.min.js?27970c20f9219ed2651b487251e680f7, line 2: Using //@ to indicate sourceMappingURL pragmas is deprecated. Use //# instead
JavaScript warning: https://vlibras.gov.br/app2/vlibras-plugin.js, line 81: unreachable code after return statement
IPDL protocol error: Handler returned error code!

###!!! [Parent][DispatchAsyncMessage] Error: PLayerTransaction::Msg_ReleaseLayer Processing error: message was deserialized, but the handler returned false (indicating failure)

IPDL protocol error: Handler returned error code!

###!!! [Parent][DispatchAsyncMessage] Error: PLayerTransaction::Msg_ReleaseLayer Processing error: message was deserialized, but the handler returned false (indicating failure)

IPDL protocol error: Handler returned error code!

###!!! [Parent][DispatchAsyncMessage] Error: PLayerTransaction::Msg_ReleaseLayer Processing error: message was deserialized, but the handler returned false (indicating failure)

IPDL protocol error: Handler returned error code!

###!!! [Parent][DispatchAsyncMessage] Error: PLayerTransaction::Msg_ReleaseLayer Processing error: message was deserialized, but the handler returned false (indicating failure)

IPDL protocol error: Handler returned error code!

###!!! [Parent][DispatchAsyncMessage] Error: PLayerTransaction::Msg_ReleaseLayer Processing error: message was deserialized, but the handler returned false (indicating failure)

IPDL protocol error: Handler returned error code!

###!!! [Parent][DispatchAsyncMessage] Error: PLayerTransaction::Msg_ReleaseLayer Processing error: message was deserialized, but the handler returned false (indicating failure)

IPDL protocol error: Handler returned error code!

###!!! [Parent][DispatchAsyncMessage] Error: PLayerTransaction::Msg_ReleaseLayer Processing error: message was deserialized, but the handler returned false (indicating failure)

IPDL protocol error: Handler returned error code!

###!!! [Parent][DispatchAsyncMessage] Error: PLayerTransaction::Msg_ReleaseLayer Processing error: message was deserialized, but the handler returned false (indicating failure)

IPDL protocol error: Handler returned error code!

###!!! [Parent][DispatchAsyncMessage] Error: PLayerTransaction::Msg_ReleaseLayer Processing error: message was deserialized, but the handler returned false (indicating failure)

JavaScript error: resource://devtools/shared/protocol/Front.js, line 99: Error: Connection closed, pending request to server0.conn0.child4/domnode364, type setNodeValue failed

Request stack:
request@resource://devtools/shared/protocol/Front.js:285:14
generateRequestMethods/</frontProto[name]@resource://devtools/shared/protocol/Front/FrontClassWithSpec.js:46:19
showTextEditor/done/</<@resource://devtools/client/inspector/markup/views/text-editor.js:101:25
do@resource://devtools/client/shared/undo.js:70:16
endBatch@resource://devtools/client/shared/undo.js:81:11
do@resource://devtools/client/shared/undo.js:93:10
showTextEditor/done/<@resource://devtools/client/inspector/markup/views/text-editor.js:99:31
process@resource://gre/modules/Promise-backend.js:961:38
walkerLoop@resource://gre/modules/Promise-backend.js:845:29
Promise*scheduleWalkerLoop@resource://gre/modules/Promise-backend.js:775:19
schedulePromise@resource://gre/modules/Promise-backend.js:809:12
completePromise@resource://gre/modules/Promise-backend.js:741:12


###!!! [Child][RunMessage] Error: Channel closing: too late to send/recv, messages will be lost

1620261056733	Marionette	INFO	Stopped listening on port 50318

###!!! [Child][RunMessage] Error: Channel closing: too late to send/recv, messages will be lost

1620261541639	geckodriver	INFO	Listening on 127.0.0.1:51075
1620261544601	mozrunner::runner	INFO	Running command: "C:\\Program Files\\Mozilla Firefox\\firefox.exe" "--marionette" "-foreground" "-no-remote" "-profile" "C:\\Users\\Jonathan\\AppData\\Local\\Temp\\rust_mozprofileA3dOGs"
1620261546019	Marionette	INFO	Marionette enabled
console.warn: SearchSettings: "get: No settings file exists, new profile?" (new Error("", "(unknown module)"))
1620261550288	Marionette	INFO	Listening on port 51084
1620261551026	Marionette	WARN	TLS certificate errors will be ignored for this session
JavaScript warning: http://www.ans.gov.br/templates/templateans/js/jui/jquery.min.js?27970c20f9219ed2651b487251e680f7, line 2: Using //@ to indicate sourceMappingURL pragmas is deprecated. Use //# instead
JavaScript warning: https://vlibras.gov.br/app2/vlibras-plugin.js, line 81: unreachable code after return statement
JavaScript warning: http://www.ans.gov.br/templates/templateans/js/jui/jquery.min.js?27970c20f9219ed2651b487251e680f7, line 2: Using //@ to indicate sourceMappingURL pragmas is deprecated. Use //# instead
JavaScript warning: https://vlibras.gov.br/app2/vlibras-plugin.js, line 81: unreachable code after return statement
console.error: "Error while calling actor 'layout's method 'getGrids'" "node is null"
console.error: (new TypeError("node is null", "resource://devtools/server/actors/layout.js", 502))
IPDL protocol error: Handler returned error code!

###!!! [Parent][DispatchAsyncMessage] Error: PLayerTransaction::Msg_ReleaseLayer Processing error: message was deserialized, but the handler returned false (indicating failure)

IPDL protocol error: Handler returned error code!

###!!! [Parent][DispatchAsyncMessage] Error: PLayerTransaction::Msg_ReleaseLayer Processing error: message was deserialized, but the handler returned false (indicating failure)

IPDL protocol error: Handler returned error code!

###!!! [Parent][DispatchAsyncMessage] Error: PLayerTransaction::Msg_ReleaseLayer Processing error: message was deserialized, but the handler returned false (indicating failure)

IPDL protocol error: Handler returned error code!

###!!! [Parent][DispatchAsyncMessage] Error: PLayerTransaction::Msg_ReleaseLayer Processing error: message was deserialized, but the handler returned false (in1620261923354	Marionette	INFO	Stopped listening on port 51286

###!!! [Child][RunMessage] Error: Channel closing: too late to send/recv, messages will be lost

g error: message was deserialized, but the handler returned false (indicating failure)

IPDL protocol error: Handler returned error code!

###!!! [Parent][DispatchAsyncMessage] Error: PLayerTransaction::Msg_ReleaseLayer Processing error: message was deserialized, but the handler returned false (indicating failure)

IPDL protocol error: Handler returned error code!

###!!! [Parent][DispatchAsyncMessage] Error: PLayerTransaction::Msg_ReleaseLayer Processing error: message was deserialized, but the handler returned false (indicating failure)

IPDL protocol error: Handler returned error code!

###!!! [Parent][DispatchAsyncMessage] Error: PLayerTransaction::Msg_ReleaseLayer Processing error: message was deserialized, but the handl1620261925404	Marionette	INFO	Stopped listening on port 51401

###!!! [Child][RunMessage] Error: Channel closing: too late to send/recv, messages will be lost

eleaseLayer Processing error: message was deserialized, but the handler returned false (indicating failure)

IPDL protocol error: Handler returned error code!

###!!! [Parent][DispatchAsyncMessage] Error: PLayerTransaction::Msg_ReleaseLayer Processing error: message was deserialized, but the handler returned false (indicating failure)

IPDL protocol error: Handler returned error code!

###!!! [Parent][DispatchAsyncMessage] Error: PLayerTransaction::Msg_ReleaseLayer Processing error: message was deserialized, but the handler returned false (indicating failure)

IPDL protocol error: Handler returned error code!

###!!! [Parent][DispatchAsyncMessage] Error: PLayerTransaction::Msg_ReleaseLayer Processing error: message was deserialized, but the handler returned false (indicating failure)

1620261922638	Marionette	INFO	Stopped listening on port 51084

###!!! [Child][RunMessage] Error: Channel closing: too late to send/recv, messages will be lost

1620261927147	geckodriver	INFO	Listening on 127.0.0.1:51516
1620261930124	mozrunner::runner	INFO	Running command: "C:\\Program Files\\Mozilla Firefox\\firefox.exe" "--marionette" "-foreground" "-no-remote" "-profile" "C:\\Users\\Jonathan\\AppData\\Local\\Temp\\rust_mozprofileOIvaA2"
1620261931373	Marionette	INFO	Marionette enabled
console.warn: SearchSettings: "get: No settings file exists, new profile?" (new Error("", "(unknown module)"))
1620261935040	Marionette	INFO	Listening on port 51526
1620261935483	Marionette	WARN	TLS certificate errors will be ignored for this session
JavaScript warning: http://www.ans.gov.br/templates/templateans/js/jui/jquery.min.js?27970c20f9219ed2651b487251e680f7, line 2: Using //@ to indicate sourceMappingURL pragmas is deprecated. Use //# instead
JavaScript warning: https://vlibras.gov.br/app2/vlibras-plugin.js, line 81: unreachable code after return statement
JavaScript warning: http://www.ans.gov.br/templates/templateans/js/jui/jquery.min.js?27970c20f9219ed2651b487251e680f7, line 2: Using //@ to indicate sourceMappingURL pragmas is deprecated. Use //# instead
JavaScript warning: https://vlibras.gov.br/app2/vlibras-plugin.js, line 81: unreachable code after return statement
1620261945505	Marionette	INFO	Stopped listening on port 51526

###!!! [Child][RunMessage] Error: Channel closing: too late to send/recv, messages will be lost

[Parent 11460, IPC I/O Parent] WARNING: pipe error: 232: file /builds/worker/checkouts/gecko/ipc/chromium/src/chrome/common/ipc_channel_win.cc:544
1620262017308	geckodriver	INFO	Listening on 127.0.0.1:51656
1620262020263	mozrunner::runner	INFO	Running command: "C:\\Program Files\\Mozilla Firefox\\firefox.exe" "--marionette" "-foreground" "-no-remote" "-profile" "C:\\Users\\Jonathan\\AppData\\Local\\Temp\\rust_mozprofileb6CJ4G"
1620262021564	Marionette	INFO	Marionette enabled
console.warn: SearchSettings: "get: No settings file exists, new profile?" (new Error("", "(unknown module)"))
1620262026323	Marionette	INFO	Listening on port 51665
1620262026938	Marionette	WARN	TLS certificate errors will be ignored for this session
JavaScript warning: http://www.ans.gov.br/templates/templateans/js/jui/jquery.min.js?27970c20f9219ed2651b487251e680f7, line 2: Using //@ to indicate sourceMappingURL pragmas is deprecated. Use //# instead
1620262056460	Marionette	INFO	Stopped listening on port 51665

###!!! [Child][RunMessage] Error: Channel closing: too late to send/recv, messages will be lost

[Parent 15044, IPC I/O Parent] WARNING: pipe error: 232: file /builds/worker/checkouts/gecko/ipc/chromium/src/chrome/common/ipc_channel_win.cc:544

###!!! [Child][MessageChannel] Error: (msgtype=0x5F0005,name=PImageBridge::Msg_WillClose) Channel error: cannot send/recv

1620262093156	geckodriver	INFO	Listening on 127.0.0.1:51788
1620262096004	mozrunner::runner	INFO	Running command: "C:\\Program Files\\Mozilla Firefox\\firefox.exe" "--marionette" "-foreground" "-no-remote" "-profile" "C:\\Users\\Jonathan\\AppData\\Local\\Temp\\rust_mozprofileNILcb7"
1620262096999	Marionette	INFO	Marionette enabled
console.warn: SearchSettings: "get: No settings file exists, new profile?" (new Error("", "(unknown module)"))
1620262100578	Marionette	INFO	Listening on port 51798
1620262101017	Marionette	WARN	TLS certificate errors will be ignored for this session
JavaScript warning: http://www.ans.gov.br/templates/templateans/js/jui/jquery.min.js?27970c20f9219ed2651b487251e680f7, line 2: Using //@ to indicate sourceMappingURL pragmas is deprecated. Use //# instead
JavaScript warning: https://vlibras.gov.br/app2/vlibras-plugin.js, line 81: unreachable code after return statement
JavaScript warning: http://www.ans.gov.br/templates/templateans/js/jui/jquery.min.js?27970c20f9219ed2651b487251e680f7, line 2: Using //@ to indicate sourceMappingURL pragmas is deprecated. Use //# instead
JavaScript warning: https://vlibras.gov.br/app2/vlibras-plugin.js, line 81: unreachable code after return statement
1620262128003	Marionette	INFO	Stopped listening on port 51798

###!!! [Child][RunMessage] Error: Channel closing: too late to send/recv, messages will be lost

1620262423985	geckodriver	INFO	Listening on 127.0.0.1:52102
1620262426937	mozrunner::runner	INFO	Running command: "C:\\Program Files\\Mozilla Firefox\\firefox.exe" "--marionette" "-foreground" "-no-remote" "-profile" "C:\\Users\\Jonathan\\AppData\\Local\\Temp\\rust_mozprofileNtrDaJ"
1620262428031	Marionette	INFO	Marionette enabled
console.warn: SearchSettings: "get: No settings file exists, new profile?" (new Error("", "(unknown module)"))
1620262431770	Marionette	INFO	Listening on port 52114
1620262432302	Marionette	WARN	TLS certificate errors will be ignored for this session
JavaScript warning: http://www.ans.gov.br/templates/templateans/js/jui/jquery.min.js?27970c20f9219ed2651b487251e680f7, line 2: Using //@ to indicate sourceMappingURL pragmas is deprecated. Use //# instead
JavaScript warning: https://vlibras.gov.br/app2/vlibras-plugin.js, line 81: unreachable code after return statement
JavaScript warning: http://www.ans.gov.br/templates/templateans/js/jui/jquery.min.js?27970c20f9219ed2651b487251e680f7, line 2: Using //@ to indicate sourceMappingURL pragmas is deprecated. Use //# instead
JavaScript warning: https://vlibras.gov.br/app2/vlibras-plugin.js, line 81: unreachable code after return statement
1620262442607	Marionette	INFO	Stopped listening on port 52114

###!!! [Child][RunMessage] Error: Channel closing: too late to send/recv, messages will be lost

[Parent 1380, IPC I/O Parent] WARNING: pipe error: 232: file /builds/worker/checkouts/gecko/ipc/chromium/src/chrome/common/ipc_channel_win.cc:544
1620262525875	geckodriver	INFO	Listening on 127.0.0.1:52246
1620262528806	mozrunner::runner	INFO	Running command: "C:\\Program Files\\Mozilla Firefox\\firefox.exe" "--marionette" "-foreground" "-no-remote" "-profile" "C:\\Users\\Jonathan\\AppData\\Local\\Temp\\rust_mozprofileYy1gfB"
1620262529831	Marionette	INFO	Marionette enabled
console.warn: SearchSettings: "get: No settings file exists, new profile?" (new Error("", "(unknown module)"))
1620262533695	Marionette	INFO	Listening on port 52255
1620262534167	Marionette	WARN	TLS certificate errors will be ignored for this session
JavaScript warning: http://www.ans.gov.br/templates/templateans/js/jui/jquery.min.js?27970c20f9219ed2651b487251e680f7, line 2: Using //@ to indicate sourceMappingURL pragmas is deprecated. Use //# instead
JavaScript warning: http://www.ans.gov.br/templates/templateans/js/jui/jquery.min.js?27970c20f9219ed2651b487251e680f7, line 2: Using //@ to indicate sourceMappingURL pragmas is deprecated. Use //# instead
JavaScript warning: https://vlibras.gov.br/app2/vlibras-plugin.js, line 81: unreachable code after return statement
IPDL protocol error: Handler returned error code!

###!!! [Parent][DispatchAsyncMessage] Error: PLayerTransaction::Msg_ReleaseLayer Processing error: message was deserialized, but the handler returned false (indicating failure)

IPDL protocol error: Handler returned error code!

###!!! [Parent][DispatchAsyncMessage] Error: PLayerTransaction::Msg_ReleaseLayer Processing error: message was deserialized, but the handler returned false (indicating failure)

IPDL protocol error: Handler returned error code!

###!!! [Parent][DispatchAsyncMessage] Error: PLayerTransaction::Msg_ReleaseLayer Processing error: message was deserialized, but the handler returned false (indicating failure)

IPDL protocol error: Handler returned error code!

###!!! [Parent][DispatchAsyncMessage] Error: PLayerTransaction::Msg_ReleaseLayer Processing error: message was deserialized, but the handler returned false (indicating failure)

IPDL protocol error: Handler returned error code!

###!!! [Parent][DispatchAsyncMessage] Error: PLayerTransaction::Msg_ReleaseLayer Processing error: message was deserialized, but the handler returned false (indicating failure)

IPDL protocol error: Handler returned error code!

###!!! [Parent][DispatchAsyncMessage] Error: PLayerTransaction::Msg_ReleaseLayer Processing error: message was deserialized, but the handler returned false (indicating failure)

IPDL protocol error: Handler returned error code!

###!!! [Parent][DispatchAsyncMessage] Error: PLayerTransaction::Msg_ReleaseLayer Processing error: message was deserialized, but the handler returned false (indicating failure)

IPDL protocol error: Handler returned error code!

###!!! [Parent][DispatchAsyncMessage] Error: PLayerTransaction::Msg_ReleaseLayer Processing error: message was deserialized, but the handler returned false (indicating failure)

IPDL protocol error: Handler returned error code!

###!!! [Parent][DispatchAsyncMessage] Error: PLayerTransaction::Msg_ReleaseLayer Processing error: message was deserialized, but the handler returned false (indicating failure)

IPDL protocol error: Handler returned error code!

###!!! [Parent][DispatchAsyncMessage] Error: PLayerTransaction::Msg_ReleaseLayer Processing error: message was deserialized, but the handler returned false (indicating failure)

IPDL protocol error: Handler returned error code!

###!!! [Parent][DispatchAsyncMessage] Error: PLayerTransaction::Msg_ReleaseLayer Processing error: message was deserialized, but the handler returned false (indicating failure)

IPDL protocol error: Handler returned error code!

###!!! [Parent][DispatchAsyncMessage] Error: PLayerTransaction::Msg_ReleaseLayer Processing error: message was deserialized, but the handler returned false (indicating failure)

IPDL protocol error: Handler returned error code!

###!!! [Parent][DispatchAsyncMessage] Error: PLayerTransaction::Msg_ReleaseLayer Processing error: message was deserialized, but the handler returned false (indicating failure)

IPDL protocol error: Handler returned error code!

###!!! [Parent][DispatchAsyncMessage] Error: PLayerTransaction::Msg_ReleaseLayer Processing error: message was deserialized, but the handler returned false (indicating failure)

1620262685900	Marionette	INFO	Stopped listening on port 52255

###!!! [Child][RunMessage] Error: Channel closing: too late to send/recv, messages will be lost

[Parent 13424, IPC I/O Parent] WARNING: pipe error: 232: file /builds/worker/checkouts/gecko/ipc/chromium/src/chrome/common/ipc_channel_win.cc:544
1620262689266	geckodriver	INFO	Listening on 127.0.0.1:52450
1620262692195	mozrunner::runner	INFO	Running command: "C:\\Program Files\\Mozilla Firefox\\firefox.exe" "--marionette" "-foreground" "-no-remote" "-profile" "C:\\Users\\Jonathan\\AppData\\Local\\Temp\\rust_mozprofilej5jC9C"
1620262693445	Marionette	INFO	Marionette enabled
console.warn: SearchSettings: "get: No settings file exists, new profile?" (new Error("", "(unknown module)"))
1620262696831	Marionette	INFO	Listening on port 52460
1620262697068	Marionette	WARN	TLS certificate errors will be ignored for this session
console.error: Region.jsm: "Error fetching region" (new Error("TIMEOUT", "resource://gre/modules/Region.jsm", 772))
console.error: Region.jsm: "Failed to fetch region" (new Error("TIMEOUT", "resource://gre/modules/Region.jsm", 419))

###!!! [Child][MessageChannel] Error: (msgtype=0x5B0009,name=PHttpChannel::Msg_DeletingChannel) Channel error: cannot send/recv


###!!! [Child][RunMessage] Error: Channel error: cannot send/recv


###!!! [Child][RunMessage] Error: Channel error: cannot send/recv

1620262763959	Marionette	INFO	Stopped listening on port 52460
1620262783657	geckodriver	INFO	Listening on 127.0.0.1:52622
1620262786552	mozrunner::runner	INFO	Running command: "C:\\Program Files\\Mozilla Firefox\\firefox.exe" "--marionette" "-foreground" "-no-remote" "-profile" "C:\\Users\\Jonathan\\AppData\\Local\\Temp\\rust_mozprofilebL2VCq"
1620262787493	Marionette	INFO	Marionette enabled
console.warn: SearchSettings: "get: No settings file exists, new profile?" (new Error("", "(unknown module)"))
1620262791041	Marionette	INFO	Listening on port 52633
1620262791386	Marionette	WARN	TLS certificate errors will be ignored for this session
JavaScript warning: http://www.ans.gov.br/templates/templateans/js/jui/jquery.min.js?27970c20f9219ed2651b487251e680f7, line 2: Using //@ to indicate sourceMappingURL pragmas is deprecated. Use //# instead
JavaScript warning: https://vlibras.gov.br/app2/vlibras-plugin.js, line 81: unreachable code after return statement
JavaScript warning: http://www.ans.gov.br/templates/templateans/js/jui/jquery.min.js?27970c20f9219ed2651b487251e680f7, line 2: Using //@ to indicate sourceMappingURL pragmas is deprecated. Use //# instead
JavaScript warning: https://vlibras.gov.br/app2/vlibras-plugin.js, line 81: unreachable code after return statement
1620262803124	Marionette	INFO	Stopped listening on port 52633

###!!! [Child][RunMessage] Error: Channel closing: too late to send/recv, messages will be lost

1620262941688	geckodriver	INFO	Listening on 127.0.0.1:52810
1620262944589	mozrunner::runner	INFO	Running command: "C:\\Program Files\\Mozilla Firefox\\firefox.exe" "--marionette" "-foreground" "-no-remote" "-profile" "C:\\Users\\Jonathan\\AppData\\Local\\Temp\\rust_mozprofileE3OPod"
1620262945518	Marionette	INFO	Marionette enabled
console.warn: SearchSettings: "get: No settings file exists, new profile?" (new Error("", "(unknown module)"))
1620262948914	Marionette	INFO	Listening on port 52819
1620262948983	Marionette	WARN	TLS certificate errors will be ignored for this session
JavaScript warning: http://www.ans.gov.br/templates/templateans/js/jui/jquery.min.js?27970c20f9219ed2651b487251e680f7, line 2: Using //@ to indicate sourceMappingURL pragmas is deprecated. Use //# instead
JavaScript warning: https://vlibras.gov.br/app2/vlibras-plugin.js, line 81: unreachable code after return statement
JavaScript warning: http://www.ans.gov.br/templates/templateans/js/jui/jquery.min.js?27970c20f9219ed2651b487251e680f7, line 2: Using //@ to indicate sourceMappingURL pragmas is deprecated. Use //# instead
JavaScript warning: https://vlibras.gov.br/app2/vlibras-plugin.js, line 81: unreachable code after return statement
1620262959250	Marionette	INFO	Stopped listening on port 52819

###!!! [Child][RunMessage] Error: Channel closing: too late to send/recv, messages will be lost

1620263033772	geckodriver	INFO	Listening on 127.0.0.1:52962
1620263036756	mozrunner::runner	INFO	Running command: "C:\\Program Files\\Mozilla Firefox\\firefox.exe" "--marionette" "-foreground" "-no-remote" "-profile" "C:\\Users\\Jonathan\\AppData\\Local\\Temp\\rust_mozprofileYEGIap"
1620263037718	Marionette	INFO	Marionette enabled
console.warn: SearchSettings: "get: No settings file exists, new profile?" (new Error("", "(unknown module)"))
1620263041161	Marionette	INFO	Listening on port 52971
1620263041613	Marionette	WARN	TLS certificate errors will be ignored for this session
JavaScript warning: http://www.ans.gov.br/templates/templateans/js/jui/jquery.min.js?27970c20f9219ed2651b487251e680f7, line 2: Using //@ to indicate sourceMappingURL pragmas is deprecated. Use //# instead
JavaScript warning: https://vlibras.gov.br/app2/vlibras-plugin.js, line 81: unreachable code after return statement
JavaScript warning: http://www.ans.gov.br/templates/templateans/js/jui/jquery.min.js?27970c20f9219ed2651b487251e680f7, line 2: Using //@ to indicate sourceMappingURL pragmas is deprecated. Use //# instead
1620263048873	Marionette	INFO	Stopped listening on port 52971

###!!! [Child][RunMessage] Error: Channel closing: too late to send/recv, messages will be lost


###!!! [Child][RunMessage] Error: Channel closing: too late to send/recv, messages will be lost


###!!! [Child][RunMessage] Error: Channel closing: too late to send/recv, messages will be lost

1620265731190	geckodriver	INFO	Listening on 127.0.0.1:55069
1620265734123	mozrunner::runner	INFO	Running command: "C:\\Program Files\\Mozilla Firefox\\firefox.exe" "--marionette" "-foreground" "-no-remote" "-profile" "C:\\Users\\Jonathan\\AppData\\Local\\Temp\\rust_mozprofileJ2VOJh"
1620265735526	Marionette	INFO	Marionette enabled
console.warn: SearchSettings: "get: No settings file exists, new profile?" (new Error("", "(unknown module)"))
1620265739501	Marionette	INFO	Listening on port 55077
1620265739985	Marionette	WARN	TLS certificate errors will be ignored for this session
JavaScript warning: http://www.ans.gov.br/templates/templateans/js/jui/jquery.min.js?27970c20f9219ed2651b487251e680f7, line 2: Using //@ to indicate sourceMappingURL pragmas is deprecated. Use //# instead
JavaScript warning: http://www.ans.gov.br/templates/templateans/js/jui/jquery.min.js?27970c20f9219ed2651b487251e680f7, line 2: Using //@ to indicate sourceMappingURL pragmas is deprecated. Use //# instead
1620265743954	Marionette	INFO	Stopped listening on port 55077

###!!! [Child][RunMessage] Error: Channel closing: too late to send/recv, messages will be lost


###!!! [Child][RunMessage] Error: Channel closing: too late to send/recv, messages will be lost


###!!! [Child][RunMessage] Error: Channel closing: too late to send/recv, messages will be lost

1620265948422	geckodriver	INFO	Listening on 127.0.0.1:55218
1620265951415	mozrunner::runner	INFO	Running command: "C:\\Program Files\\Mozilla Firefox\\firefox.exe" "--marionette" "-foreground" "-no-remote" "-profile" "C:\\Users\\Jonathan\\AppData\\Local\\Temp\\rust_mozprofilewczjcu"
1620265952757	Marionette	INFO	Marionette enabled
console.warn: SearchSettings: "get: No settings file exists, new profile?" (new Error("", "(unknown module)"))
1620265955961	Marionette	INFO	Listening on port 55227
1620265956309	Marionette	WARN	TLS certificate errors will be ignored for this session
JavaScript warning: http://www.ans.gov.br/templates/templateans/js/jui/jquery.min.js?27970c20f9219ed2651b487251e680f7, line 2: Using //@ to indicate sourceMappingURL pragmas is deprecated. Use //# instead
JavaScript warning: http://www.ans.gov.br/templates/templateans/js/jui/jquery.min.js?27970c20f9219ed2651b487251e680f7, line 2: Using //@ to indicate sourceMappingURL pragmas is deprecated. Use //# instead
1620265965343	Marionette	INFO	Stopped listening on port 55227

###!!! [Child][RunMessage] Error: Channel closing: too late to send/recv, messages will be lost

[Parent 12664, IPC I/O Parent] WARNING: pipe error: 232: file /builds/worker/checkouts/gecko/ipc/chromium/src/chrome/common/ipc_channel_win.cc:544
1620266172237	geckodriver	INFO	Listening on 127.0.0.1:55478
1620266175149	mozrunner::runner	INFO	Running command: "C:\\Program Files\\Mozilla Firefox\\firefox.exe" "--marionette" "-foreground" "-no-remote" "-profile" "C:\\Users\\Jonathan\\AppData\\Local\\Temp\\rust_mozprofile25MFoI"
1620266176572	Marionette	INFO	Marionette enabled
console.warn: SearchSettings: "get: No settings file exists, new profile?" (new Error("", "(unknown module)"))
1620266180066	Marionette	INFO	Listening on port 55487
1620266180497	Marionette	WARN	TLS certificate errors will be ignored for this session
JavaScript warning: http://www.ans.gov.br/templates/templateans/js/jui/jquery.min.js?27970c20f9219ed2651b487251e680f7, line 2: Using //@ to indicate sourceMappingURL pragmas is deprecated. Use //# instead
JavaScript warning: https://vlibras.gov.br/app2/vlibras-plugin.js, line 81: unreachable code after return statement
JavaScript warning: http://www.ans.gov.br/templates/templateans/js/jui/jquery.min.js?27970c20f9219ed2651b487251e680f7, line 2: Using //@ to indicate sourceMappingURL pragmas is deprecated. Use //# instead
JavaScript warning: https://vlibras.gov.br/app2/vlibras-plugin.js, line 81: unreachable code after return statement
1620266191181	Marionette	INFO	Stopped listening on port 55487

###!!! [Child][RunMessage] Error: Channel closing: too late to send/recv, messages will be lost


###!!! [Child][RunMessage] Error: Channel closing: too late to send/recv, messages will be lost

1620266236696	geckodriver	INFO	Listening on 127.0.0.1:55619
1620266239598	mozrunner::runner	INFO	Running command: "C:\\Program Files\\Mozilla Firefox\\firefox.exe" "--marionette" "-foreground" "-no-remote" "-profile" "C:\\Users\\Jonathan\\AppData\\Local\\Temp\\rust_mozprofileQwyyVr"
1620266241656	Marionette	INFO	Marionette enabled
console.warn: SearchSettings: "get: No settings file exists, new profile?" (new Error("", "(unknown module)"))
1620266244759	Marionette	INFO	Listening on port 55629
1620266244956	Marionette	WARN	TLS certificate errors will be ignored for this session
JavaScript warning: http://www.ans.gov.br/templates/templateans/js/jui/jquery.min.js?27970c20f9219ed2651b487251e680f7, line 2: Using //@ to indicate sourceMappingURL pragmas is deprecated. Use //# instead
JavaScript warning: http://www.ans.gov.br/templates/templateans/js/jui/jquery.min.js?27970c20f9219ed2651b487251e680f7, line 2: Using //@ to indicate sourceMappingURL pragmas is deprecated. Use //# instead
JavaScript error: , line 0: NotFoundError: No such JSWindowActor 'MarionetteEvents'
console.error: "Tried to send a 'target-destroyed-form' event on an already destroyed actor 'watcher'"
[Parent 8708, IPC I/O Parent] WARNING: pipe error: 232: file /builds/worker/checkouts/gecko/ipc/chromium/src/chrome/common/ipc_channel_win.cc:544
[Parent 8708, IPC I/O Parent] WARNING: pipe error: 232: file /builds/worker/checkouts/gecko/ipc/chromium/src/chrome/common/ipc_channel_win.cc:544
1620266303166	Marionette	INFO	Stopped listening on port 55629

###!!! [Child][RunMessage] Error: Channel closing: too late to send/recv, messages will be lost

1620266346232	geckodriver	INFO	Listening on 127.0.0.1:55782
1620266349121	mozrunner::runner	INFO	Running command: "C:\\Program Files\\Mozilla Firefox\\firefox.exe" "--marionette" "-foreground" "-no-remote" "-profile" "C:\\Users\\Jonathan\\AppData\\Local\\Temp\\rust_mozprofilesvShgZ"
1620266349972	Marionette	INFO	Marionette enabled
console.warn: SearchSettings: "get: No settings file exists, new profile?" (new Error("", "(unknown module)"))
1620266354829	Marionette	INFO	Listening on port 55791
1620266355064	Marionette	WARN	TLS certificate errors will be ignored for this session
JavaScript warning: http://www.ans.gov.br/templates/templateans/js/jui/jquery.min.js?27970c20f9219ed2651b487251e680f7, line 2: Using //@ to indicate sourceMappingURL pragmas is deprecated. Use //# instead

###!!! [Child][MessageChannel] Error: (msgtype=0x5B0009,name=PHttpChannel::Msg_DeletingChannel) Channel closing: too late to send/recv, messages will be lost

1620266423656	Marionette	INFO	Stopped listening on port 55791

###!!! [Child][RunMessage] Error: Channel closing: too late to send/recv, messages will be lost

1620266430662	geckodriver	INFO	Listening on 127.0.0.1:55887
1620266433608	mozrunner::runner	INFO	Running command: "C:\\Program Files\\Mozilla Firefox\\firefox.exe" "--marionette" "-foreground" "-no-remote" "-profile" "C:\\Users\\Jonathan\\AppData\\Local\\Temp\\rust_mozprofileld9ezO"
1620266435261	Marionette	INFO	Marionette enabled
console.warn: SearchSettings: "get: No settings file exists, new profile?" (new Error("", "(unknown module)"))
1620266439323	Marionette	INFO	Listening on port 55895
1620266439628	Marionette	WARN	TLS certificate errors will be ignored for this session
JavaScript warning: http://www.ans.gov.br/templates/templateans/js/jui/jquery.min.js?27970c20f9219ed2651b487251e680f7, line 2: Using //@ to indicate sourceMappingURL pragmas is deprecated. Use //# instead
JavaScript warning: http://www.ans.gov.br/templates/templateans/js/jui/jquery.min.js?27970c20f9219ed2651b487251e680f7, line 2: Using //@ to indicate sourceMappingURL pragmas is deprecated. Use //# instead
1620266649109	Marionette	INFO	Stopped listening on port 55895

###!!! [Child][RunMessage] Error: Channel closing: too late to send/recv, messages will be lost

"--marionette" "-foreground" "-no-remote" "-profile" "C:\\Users\\Jonathan\\AppData\\Local\\Temp\\rust_mozprofile2xH4bb"
1620266565440	Marionette	INFO	Marionette enabled
console.warn: SearchSettings: "get: No settings file exists, new profile?" (new Error("", "(unknown module)"))
1620266568913	Marionette	INFO	Listening on port 56022
1620266569241	Marionette	WARN	TLS certificate errors will be ignored for this session
JavaScript warning: http://www.ans.gov.br/templates/templateans/js/jui/jquery.min.js?27970c20f9219ed2651b487251e680f7, line 2: Using //@ to indicate sourceMappingURL pragmas is deprecated. Use //# instead

###!!! [Child][RunMessage] Error: Channel closing: too late to send/recv, messages will be lost

1620266643896	Marionette	INFO	Stopped listening on port 56022

###!!! [Child][RunMessage] Error: Channel closing: too late to send/recv, messages will be lost

1620266657089	geckodriver	INFO	Listening on 127.0.0.1:56141
1620266659998	mozrunner::runner	INFO	Running command: "C:\\Program Files\\Mozilla Firefox\\firefox.exe" "--marionette" "-foreground" "-no-remote" "-profile" "C:\\Users\\Jonathan\\AppData\\Local\\Temp\\rust_mozprofile5wrTzV"
1620266661424	Marionette	INFO	Marionette enabled
console.warn: SearchSettings: "get: No settings file exists, new profile?" (new Error("", "(unknown module)"))
1620266664893	Marionette	INFO	Listening on port 56149
1620266665337	Marionette	WARN	TLS certificate errors will be ignored for this session
JavaScript warning: http://www.ans.gov.br/templates/templateans/js/jui/jquery.min.js?27970c20f9219ed2651b487251e680f7, line 2: Using //@ to indicate sourceMappingURL pragmas is deprecated. Use //# instead
JavaScript warning: https://vlibras.gov.br/app2/vlibras-plugin.js, line 81: unreachable code after return statement
JavaScript warning: http://www.ans.gov.br/templates/templateans/js/jui/jquery.min.js?27970c20f9219ed2651b487251e680f7, line 2: Using //@ to indicate sourceMappingURL pragmas is deprecated. Use //# instead
JavaScript warning: https://vlibras.gov.br/app2/vlibras-plugin.js, line 81: unreachable code after return statement
1620266690396	Marionette	INFO	Stopped listening on port 56149

###!!! [Child][RunMessage] Error: Channel closing: too late to send/recv, messages will be lost

1620266705818	geckodriver	INFO	Listening on 127.0.0.1:56242
1620266708775	mozrunner::runner	INFO	Running command: "C:\\Program Files\\Mozilla Firefox\\firefox.exe" "--marionette" "-headless" "-foreground" "-no-remote" "-profile" "C:\\Users\\Jonathan\\AppData\\Local\\Temp\\rust_mozprofileTqbjCu"
*** You are running in headless mode.
1620266709613	Marionette	INFO	Marionette enabled
console.warn: SearchSettings: "get: No settings file exists, new profile?" (new Error("", "(unknown module)"))
1620266712386	Marionette	INFO	Listening on port 56251
1620266712533	Marionette	WARN	TLS certificate errors will be ignored for this session
JavaScript warning: http://www.ans.gov.br/templates/templateans/js/jui/jquery.min.js?27970c20f9219ed2651b487251e680f7, line 2: Using //@ to indicate sourceMappingURL pragmas is deprecated. Use //# instead
JavaScript warning: https://vlibras.gov.br/app2/vlibras-plugin.js, line 81: unreachable code after return statement
JavaScript warning: http://www.ans.gov.br/templates/templateans/js/jui/jquery.min.js?27970c20f9219ed2651b487251e680f7, line 2: Using //@ to indicate sourceMappingURL pragmas is deprecated. Use //# instead
JavaScript warning: https://vlibras.gov.br/app2/vlibras-plugin.js, line 81: unreachable code after return statement
Exiting due to channel error.
Exiting due to channel error.
20266794323	mozrunner::runner	INFO	Running command: "C:\\Program Files\\Mozilla Firefox\\firefox.exe" "--marionette" "-foreground" "-no-remote" "-profile" "C:\\Users\\Jonathan\\AppData\\Local\\Temp\\rust_mozprofile3ySyuu"
1620266795142	Marionette	INFO	Marionette enabled
console.warn: SearchSettings: "get: No settings file exists, new profile?" (new Error("", "(unknown module)"))
1620266798690	Marionette	INFO	Listening on port 56363
1620266799170	Marionette	WARN	TLS certificate errors will be ignored for this session
JavaScript warning: http://www.ans.gov.br/templates/templateans/js/jui/jquery.min.js?27970c20f9219ed2651b487251e680f7, line 2: Using //@ to indicate sourceMappingURL pragmas is deprecated. Use //# instead
1620266846955	Marionette	INFO	Stopped listening on port 56363

###!!! [Child][RunMessage] Error: Channel closing: too late to send/recv, messages will be lost


###!!! [Child][RunMessage] Error: Channel closing: too late to send/recv, messages will be lost


###!!! [Child][RunMessage] Error: Channel closing: too late to send/recv, messages will be lost

1620392846954	geckodriver	INFO	Listening on 127.0.0.1:58665
1620392849874	mozrunner::runner	INFO	Running command: "C:\\Program Files\\Mozilla Firefox\\firefox.exe" "--marionette" "-foreground" "-no-remote" "-profile" "C:\\Users\\Jonathan\\AppData\\Local\\Temp\\rust_mozprofile1A62Ap"
1620392851607	Marionette	INFO	Marionette enabled
console.warn: SearchSettings: "get: No settings file exists, new profile?" (new Error("", "(unknown module)"))
1620392855967	Marionette	INFO	Listening on port 58673
1620392856151	Marionette	WARN	TLS certificate errors will be ignored for this session
JavaScript warning: http://www.ans.gov.br/templates/templateans/js/jui/jquery.min.js?27970c20f9219ed2651b487251e680f7, line 2: Using //@ to indicate sourceMappingURL pragmas is deprecated. Use //# instead
JavaScript warning: https://vlibras.gov.br/app2/vlibras-plugin.js, line 81: unreachable code after return statement
JavaScript warning: http://www.ans.gov.br/templates/templateans/js/jui/jquery.min.js?27970c20f9219ed2651b487251e680f7, line 2: Using //@ to indicate sourceMappingURL pragmas is deprecated. Use //# instead
JavaScript warning: https://vlibras.gov.br/app2/vlibras-plugin.js, line 81: unreachable code after return statement
1620392877552	Marionette	INFO	Stopped listening on port 58673

###!!! [Child][RunMessage] Error: Channel closing: too late to send/recv, messages will be lost

1620393055396	geckodriver	INFO	Listening on 127.0.0.1:58858
1620393058285	mozrunner::runner	INFO	Running command: "C:\\Program Files\\Mozilla Firefox\\firefox.exe" "--marionette" "-foreground" "-no-remote" "-profile" "C:\\Users\\Jonathan\\AppData\\Local\\Temp\\rust_mozprofilemh7mJX"
1620393059365	Marionette	INFO	Marionette enabled
console.warn: SearchSettings: "get: No settings file exists, new profile?" (new Error("", "(unknown module)"))
1620393063095	Marionette	INFO	Listening on port 58868
1620393063562	Marionette	WARN	TLS certificate errors will be ignored for this session
JavaScript warning: http://www.ans.gov.br/templates/templateans/js/jui/jquery.min.js?27970c20f9219ed2651b487251e680f7, line 2: Using //@ to indicate sourceMappingURL pragmas is deprecated. Use //# instead
JavaScript error: resource://gre/modules/UrlClassifierListManager.jsm, line 691: TypeError: this.tablesData[table] is undefined
JavaScript error: resource://gre/modules/Sqlite.jsm, line 1030: Error: Sqlite.jsm has been shutdown. Cannot open connection to: C:\Users\Jonathan\AppData\Local\Temp\rust_mozprofilemh7mJX\protections.sqlite
1620393068784	Marionette	INFO	Stopped listening on port 58868

###!!! [Child][RunMessage] Error: Channel closing: too late to send/recv, messages will be lost

1620411957058	geckodriver	INFO	Listening on 127.0.0.1:50031
1620411960055	mozrunner::runner	INFO	Running command: "C:\\Program Files\\Mozilla Firefox\\firefox.exe" "--marionette" "-foreground" "-no-remote" "-profile" "C:\\Users\\Jonathan\\AppData\\Local\\Temp\\rust_mozprofilejP2im5"
1620411961680	Marionette	INFO	Marionette enabled
console.warn: SearchSettings: "get: No settings file exists, new profile?" (new Error("", "(unknown module)"))
1620411965291	Marionette	INFO	Listening on port 50040
1620411965408	Marionette	WARN	TLS certificate errors will be ignored for this session
JavaScript warning: http://www.ans.gov.br/templates/templateans/js/jui/jquery.min.js?27970c20f9219ed2651b487251e680f7, line 2: Using //@ to indicate sourceMappingURL pragmas is deprecated. Use //# instead
JavaScript warning: https://vlibras.gov.br/app2/vlibras-plugin.js, line 81: unreachable code after return statement
JavaScript warning: http://www.ans.gov.br/templates/templateans/js/jui/jquery.min.js?27970c20f9219ed2651b487251e680f7, line 2: Using //@ to indicate sourceMappingURL pragmas is deprecated. Use //# instead
JavaScript warning: https://vlibras.gov.br/app2/vlibras-plugin.js, line 81: unreachable code after return statement
1620411976898	Marionette	INFO	Stopped listening on port 50040

###!!! [Child][RunMessage] Error: Channel closing: too late to send/recv, messages will be lost

1620412093910	geckodriver	INFO	Listening on 127.0.0.1:50218
1620412096895	mozrunner::runner	INFO	Running command: "C:\\Program Files\\Mozilla Firefox\\firefox.exe" "--marionette" "-foreground" "-no-remote" "-profile" "C:\\Users\\Jonathan\\AppData\\Local\\Temp\\rust_mozprofile776V35"
1620412098107	Marionette	INFO	Marionette enabled
console.warn: SearchSettings: "get: No settings file exists, new profile?" (new Error("", "(unknown module)"))
1620412101186	Marionette	INFO	Listening on port 50226
1620412101264	Marionette	WARN	TLS certificate errors will be ignored for this session
JavaScript warning: http://www.ans.gov.br/templates/templateans/js/jui/jquery.min.js?27970c20f9219ed2651b487251e680f7, line 2: Using //@ to indicate sourceMappingURL pragmas is deprecated. Use //# instead
JavaScript warning: https://vlibras.gov.br/app2/vlibras-plugin.js, line 81: unreachable code after return statement
JavaScript warning: http://www.ans.gov.br/templates/templateans/js/jui/jquery.min.js?27970c20f9219ed2651b487251e680f7, line 2: Using //@ to indicate sourceMappingURL pragmas is deprecated. Use //# instead
JavaScript warning: https://vlibras.gov.br/app2/vlibras-plugin.js, line 81: unreachable code after return statement
1620412142388	Marionette	INFO	Stopped listening on port 50226

###!!! [Child][RunMessage] Error: Channel closing: too late to send/recv, messages will be lost

[Parent 11544, IPC I/O Parent] WARNING: pipe error: 232: file /builds/worker/checkouts/gecko/ipc/chromium/src/chrome/common/ipc_channel_win.cc:544
